[2025-02-03 16:32:34] local.ERROR: View [app] not found. {"exception":"[object] (InvalidArgumentException(code: 0): View [app] not found. at /Users/akanshafernando/Documents/Startup/ClientWork/MHChem/MHChem_backend/MHchem-backend/vendor/laravel/framework/src/Illuminate/View/FileViewFinder.php:139)
[stacktrace]
#0 /Users/akanshafernando/Documents/Startup/ClientWork/MHChem/MHChem_backend/MHchem-backend/vendor/laravel/framework/src/Illuminate/View/FileViewFinder.php(79): Illuminate\\View\\FileViewFinder->findInPaths('app', Array)
#1 /Users/akanshafernando/Documents/Startup/ClientWork/MHChem/MHChem_backend/MHchem-backend/vendor/laravel/framework/src/Illuminate/View/Factory.php(151): Illuminate\\View\\FileViewFinder->find('app')
#2 /Users/akanshafernando/Documents/Startup/ClientWork/MHChem/MHChem_backend/MHchem-backend/vendor/laravel/framework/src/Illuminate/Routing/ResponseFactory.php(88): Illuminate\\View\\Factory->make('app', Array)
#3 /Users/akanshafernando/Documents/Startup/ClientWork/MHChem/MHChem_backend/MHchem-backend/vendor/laravel/framework/src/Illuminate/Support/Facades/Facade.php(361): Illuminate\\Routing\\ResponseFactory->view('app', Array)
#4 /Users/akanshafernando/Documents/Startup/ClientWork/MHChem/MHChem_backend/MHchem-backend/vendor/inertiajs/inertia-laravel/src/Response.php(106): Illuminate\\Support\\Facades\\Facade::__callStatic('view', Array)
#5 /Users/akanshafernando/Documents/Startup/ClientWork/MHChem/MHChem_backend/MHchem-backend/vendor/laravel/framework/src/Illuminate/Routing/Router.php(902): Inertia\\Response->toResponse(Object(Illuminate\\Http\\Request))
#6 /Users/akanshafernando/Documents/Startup/ClientWork/MHChem/MHChem_backend/MHchem-backend/vendor/laravel/framework/src/Illuminate/Routing/Router.php(887): Illuminate\\Routing\\Router::toResponse(Object(Illuminate\\Http\\Request), Object(Inertia\\Response))
#7 /Users/akanshafernando/Documents/Startup/ClientWork/MHChem/MHChem_backend/MHchem-backend/vendor/laravel/framework/src/Illuminate/Routing/Router.php(807): Illuminate\\Routing\\Router->prepareResponse(Object(Illuminate\\Http\\Request), Object(Inertia\\Response))
#8 /Users/akanshafernando/Documents/Startup/ClientWork/MHChem/MHChem_backend/MHchem-backend/vendor/laravel/framework/src/Illuminate/Pipeline/Pipeline.php(170): Illuminate\\Routing\\Router->{closure:Illuminate\\Routing\\Router::runRouteWithinStack():807}(Object(Illuminate\\Http\\Request))
#9 /Users/akanshafernando/Documents/Startup/ClientWork/MHChem/MHChem_backend/MHchem-backend/vendor/laravel/framework/src/Illuminate/Http/Middleware/AddLinkHeadersForPreloadedAssets.php(20): Illuminate\\Pipeline\\Pipeline->{closure:Illuminate\\Pipeline\\Pipeline::prepareDestination():168}(Object(Illuminate\\Http\\Request))
#10 /Users/akanshafernando/Documents/Startup/ClientWork/MHChem/MHChem_backend/MHchem-backend/vendor/laravel/framework/src/Illuminate/Pipeline/Pipeline.php(209): Illuminate\\Http\\Middleware\\AddLinkHeadersForPreloadedAssets->handle(Object(Illuminate\\Http\\Request), Object(Closure))
#11 /Users/akanshafernando/Documents/Startup/ClientWork/MHChem/MHChem_backend/MHchem-backend/vendor/inertiajs/inertia-laravel/src/Middleware.php(86): Illuminate\\Pipeline\\Pipeline->{closure:{closure:Illuminate\\Pipeline\\Pipeline::carry():184}:185}(Object(Illuminate\\Http\\Request))
#12 /Users/akanshafernando/Documents/Startup/ClientWork/MHChem/MHChem_backend/MHchem-backend/vendor/laravel/framework/src/Illuminate/Pipeline/Pipeline.php(209): Inertia\\Middleware->handle(Object(Illuminate\\Http\\Request), Object(Closure))
#13 /Users/akanshafernando/Documents/Startup/ClientWork/MHChem/MHChem_backend/MHchem-backend/vendor/laravel/framework/src/Illuminate/Routing/Middleware/SubstituteBindings.php(51): Illuminate\\Pipeline\\Pipeline->{closure:{closure:Illuminate\\Pipeline\\Pipeline::carry():184}:185}(Object(Illuminate\\Http\\Request))
#14 /Users/akanshafernando/Documents/Startup/ClientWork/MHChem/MHChem_backend/MHchem-backend/vendor/laravel/framework/src/Illuminate/Pipeline/Pipeline.php(209): Illuminate\\Routing\\Middleware\\SubstituteBindings->handle(Object(Illuminate\\Http\\Request), Object(Closure))
#15 /Users/akanshafernando/Documents/Startup/ClientWork/MHChem/MHChem_backend/MHchem-backend/vendor/laravel/framework/src/Illuminate/Foundation/Http/Middleware/VerifyCsrfToken.php(88): Illuminate\\Pipeline\\Pipeline->{closure:{closure:Illuminate\\Pipeline\\Pipeline::carry():184}:185}(Object(Illuminate\\Http\\Request))
#16 /Users/akanshafernando/Documents/Startup/ClientWork/MHChem/MHChem_backend/MHchem-backend/vendor/laravel/framework/src/Illuminate/Pipeline/Pipeline.php(209): Illuminate\\Foundation\\Http\\Middleware\\VerifyCsrfToken->handle(Object(Illuminate\\Http\\Request), Object(Closure))
#17 /Users/akanshafernando/Documents/Startup/ClientWork/MHChem/MHChem_backend/MHchem-backend/vendor/laravel/framework/src/Illuminate/View/Middleware/ShareErrorsFromSession.php(49): Illuminate\\Pipeline\\Pipeline->{closure:{closure:Illuminate\\Pipeline\\Pipeline::carry():184}:185}(Object(Illuminate\\Http\\Request))
#18 /Users/akanshafernando/Documents/Startup/ClientWork/MHChem/MHChem_backend/MHchem-backend/vendor/laravel/framework/src/Illuminate/Pipeline/Pipeline.php(209): Illuminate\\View\\Middleware\\ShareErrorsFromSession->handle(Object(Illuminate\\Http\\Request), Object(Closure))
#19 /Users/akanshafernando/Documents/Startup/ClientWork/MHChem/MHChem_backend/MHchem-backend/vendor/laravel/framework/src/Illuminate/Session/Middleware/StartSession.php(121): Illuminate\\Pipeline\\Pipeline->{closure:{closure:Illuminate\\Pipeline\\Pipeline::carry():184}:185}(Object(Illuminate\\Http\\Request))
#20 /Users/akanshafernando/Documents/Startup/ClientWork/MHChem/MHChem_backend/MHchem-backend/vendor/laravel/framework/src/Illuminate/Session/Middleware/StartSession.php(64): Illuminate\\Session\\Middleware\\StartSession->handleStatefulRequest(Object(Illuminate\\Http\\Request), Object(Illuminate\\Session\\Store), Object(Closure))
#21 /Users/akanshafernando/Documents/Startup/ClientWork/MHChem/MHChem_backend/MHchem-backend/vendor/laravel/framework/src/Illuminate/Pipeline/Pipeline.php(209): Illuminate\\Session\\Middleware\\StartSession->handle(Object(Illuminate\\Http\\Request), Object(Closure))
#22 /Users/akanshafernando/Documents/Startup/ClientWork/MHChem/MHChem_backend/MHchem-backend/vendor/laravel/framework/src/Illuminate/Cookie/Middleware/AddQueuedCookiesToResponse.php(37): Illuminate\\Pipeline\\Pipeline->{closure:{closure:Illuminate\\Pipeline\\Pipeline::carry():184}:185}(Object(Illuminate\\Http\\Request))
#23 /Users/akanshafernando/Documents/Startup/ClientWork/MHChem/MHChem_backend/MHchem-backend/vendor/laravel/framework/src/Illuminate/Pipeline/Pipeline.php(209): Illuminate\\Cookie\\Middleware\\AddQueuedCookiesToResponse->handle(Object(Illuminate\\Http\\Request), Object(Closure))
#24 /Users/akanshafernando/Documents/Startup/ClientWork/MHChem/MHChem_backend/MHchem-backend/vendor/laravel/framework/src/Illuminate/Cookie/Middleware/EncryptCookies.php(75): Illuminate\\Pipeline\\Pipeline->{closure:{closure:Illuminate\\Pipeline\\Pipeline::carry():184}:185}(Object(Illuminate\\Http\\Request))
#25 /Users/akanshafernando/Documents/Startup/ClientWork/MHChem/MHChem_backend/MHchem-backend/vendor/laravel/framework/src/Illuminate/Pipeline/Pipeline.php(209): Illuminate\\Cookie\\Middleware\\EncryptCookies->handle(Object(Illuminate\\Http\\Request), Object(Closure))
#26 /Users/akanshafernando/Documents/Startup/ClientWork/MHChem/MHChem_backend/MHchem-backend/vendor/laravel/framework/src/Illuminate/Pipeline/Pipeline.php(127): Illuminate\\Pipeline\\Pipeline->{closure:{closure:Illuminate\\Pipeline\\Pipeline::carry():184}:185}(Object(Illuminate\\Http\\Request))
#27 /Users/akanshafernando/Documents/Startup/ClientWork/MHChem/MHChem_backend/MHchem-backend/vendor/laravel/framework/src/Illuminate/Routing/Router.php(807): Illuminate\\Pipeline\\Pipeline->then(Object(Closure))
#28 /Users/akanshafernando/Documents/Startup/ClientWork/MHChem/MHChem_backend/MHchem-backend/vendor/laravel/framework/src/Illuminate/Routing/Router.php(786): Illuminate\\Routing\\Router->runRouteWithinStack(Object(Illuminate\\Routing\\Route), Object(Illuminate\\Http\\Request))
#29 /Users/akanshafernando/Documents/Startup/ClientWork/MHChem/MHChem_backend/MHchem-backend/vendor/laravel/framework/src/Illuminate/Routing/Router.php(750): Illuminate\\Routing\\Router->runRoute(Object(Illuminate\\Http\\Request), Object(Illuminate\\Routing\\Route))
#30 /Users/akanshafernando/Documents/Startup/ClientWork/MHChem/MHChem_backend/MHchem-backend/vendor/laravel/framework/src/Illuminate/Routing/Router.php(739): Illuminate\\Routing\\Router->dispatchToRoute(Object(Illuminate\\Http\\Request))
#31 /Users/akanshafernando/Documents/Startup/ClientWork/MHChem/MHChem_backend/MHchem-backend/vendor/laravel/framework/src/Illuminate/Foundation/Http/Kernel.php(201): Illuminate\\Routing\\Router->dispatch(Object(Illuminate\\Http\\Request))
#32 /Users/akanshafernando/Documents/Startup/ClientWork/MHChem/MHChem_backend/MHchem-backend/vendor/laravel/framework/src/Illuminate/Pipeline/Pipeline.php(170): Illuminate\\Foundation\\Http\\Kernel->{closure:Illuminate\\Foundation\\Http\\Kernel::dispatchToRouter():198}(Object(Illuminate\\Http\\Request))
#33 /Users/akanshafernando/Documents/Startup/ClientWork/MHChem/MHChem_backend/MHchem-backend/vendor/laravel/framework/src/Illuminate/Foundation/Http/Middleware/TransformsRequest.php(21): Illuminate\\Pipeline\\Pipeline->{closure:Illuminate\\Pipeline\\Pipeline::prepareDestination():168}(Object(Illuminate\\Http\\Request))
#34 /Users/akanshafernando/Documents/Startup/ClientWork/MHChem/MHChem_backend/MHchem-backend/vendor/laravel/framework/src/Illuminate/Foundation/Http/Middleware/ConvertEmptyStringsToNull.php(31): Illuminate\\Foundation\\Http\\Middleware\\TransformsRequest->handle(Object(Illuminate\\Http\\Request), Object(Closure))
#35 /Users/akanshafernando/Documents/Startup/ClientWork/MHChem/MHChem_backend/MHchem-backend/vendor/laravel/framework/src/Illuminate/Pipeline/Pipeline.php(209): Illuminate\\Foundation\\Http\\Middleware\\ConvertEmptyStringsToNull->handle(Object(Illuminate\\Http\\Request), Object(Closure))
#36 /Users/akanshafernando/Documents/Startup/ClientWork/MHChem/MHChem_backend/MHchem-backend/vendor/laravel/framework/src/Illuminate/Foundation/Http/Middleware/TransformsRequest.php(21): Illuminate\\Pipeline\\Pipeline->{closure:{closure:Illuminate\\Pipeline\\Pipeline::carry():184}:185}(Object(Illuminate\\Http\\Request))
#37 /Users/akanshafernando/Documents/Startup/ClientWork/MHChem/MHChem_backend/MHchem-backend/vendor/laravel/framework/src/Illuminate/Foundation/Http/Middleware/TrimStrings.php(51): Illuminate\\Foundation\\Http\\Middleware\\TransformsRequest->handle(Object(Illuminate\\Http\\Request), Object(Closure))
#38 /Users/akanshafernando/Documents/Startup/ClientWork/MHChem/MHChem_backend/MHchem-backend/vendor/laravel/framework/src/Illuminate/Pipeline/Pipeline.php(209): Illuminate\\Foundation\\Http\\Middleware\\TrimStrings->handle(Object(Illuminate\\Http\\Request), Object(Closure))
#39 /Users/akanshafernando/Documents/Startup/ClientWork/MHChem/MHChem_backend/MHchem-backend/vendor/laravel/framework/src/Illuminate/Http/Middleware/ValidatePostSize.php(27): Illuminate\\Pipeline\\Pipeline->{closure:{closure:Illuminate\\Pipeline\\Pipeline::carry():184}:185}(Object(Illuminate\\Http\\Request))
#40 /Users/akanshafernando/Documents/Startup/ClientWork/MHChem/MHChem_backend/MHchem-backend/vendor/laravel/framework/src/Illuminate/Pipeline/Pipeline.php(209): Illuminate\\Http\\Middleware\\ValidatePostSize->handle(Object(Illuminate\\Http\\Request), Object(Closure))
#41 /Users/akanshafernando/Documents/Startup/ClientWork/MHChem/MHChem_backend/MHchem-backend/vendor/laravel/framework/src/Illuminate/Foundation/Http/Middleware/PreventRequestsDuringMaintenance.php(110): Illuminate\\Pipeline\\Pipeline->{closure:{closure:Illuminate\\Pipeline\\Pipeline::carry():184}:185}(Object(Illuminate\\Http\\Request))
#42 /Users/akanshafernando/Documents/Startup/ClientWork/MHChem/MHChem_backend/MHchem-backend/vendor/laravel/framework/src/Illuminate/Pipeline/Pipeline.php(209): Illuminate\\Foundation\\Http\\Middleware\\PreventRequestsDuringMaintenance->handle(Object(Illuminate\\Http\\Request), Object(Closure))
#43 /Users/akanshafernando/Documents/Startup/ClientWork/MHChem/MHChem_backend/MHchem-backend/vendor/laravel/framework/src/Illuminate/Http/Middleware/HandleCors.php(49): Illuminate\\Pipeline\\Pipeline->{closure:{closure:Illuminate\\Pipeline\\Pipeline::carry():184}:185}(Object(Illuminate\\Http\\Request))
#44 /Users/akanshafernando/Documents/Startup/ClientWork/MHChem/MHChem_backend/MHchem-backend/vendor/laravel/framework/src/Illuminate/Pipeline/Pipeline.php(209): Illuminate\\Http\\Middleware\\HandleCors->handle(Object(Illuminate\\Http\\Request), Object(Closure))
#45 /Users/akanshafernando/Documents/Startup/ClientWork/MHChem/MHChem_backend/MHchem-backend/vendor/laravel/framework/src/Illuminate/Http/Middleware/TrustProxies.php(58): Illuminate\\Pipeline\\Pipeline->{closure:{closure:Illuminate\\Pipeline\\Pipeline::carry():184}:185}(Object(Illuminate\\Http\\Request))
#46 /Users/akanshafernando/Documents/Startup/ClientWork/MHChem/MHChem_backend/MHchem-backend/vendor/laravel/framework/src/Illuminate/Pipeline/Pipeline.php(209): Illuminate\\Http\\Middleware\\TrustProxies->handle(Object(Illuminate\\Http\\Request), Object(Closure))
#47 /Users/akanshafernando/Documents/Startup/ClientWork/MHChem/MHChem_backend/MHchem-backend/vendor/laravel/framework/src/Illuminate/Foundation/Http/Middleware/InvokeDeferredCallbacks.php(22): Illuminate\\Pipeline\\Pipeline->{closure:{closure:Illuminate\\Pipeline\\Pipeline::carry():184}:185}(Object(Illuminate\\Http\\Request))
#48 /Users/akanshafernando/Documents/Startup/ClientWork/MHChem/MHChem_backend/MHchem-backend/vendor/laravel/framework/src/Illuminate/Pipeline/Pipeline.php(209): Illuminate\\Foundation\\Http\\Middleware\\InvokeDeferredCallbacks->handle(Object(Illuminate\\Http\\Request), Object(Closure))
#49 /Users/akanshafernando/Documents/Startup/ClientWork/MHChem/MHChem_backend/MHchem-backend/vendor/laravel/framework/src/Illuminate/Pipeline/Pipeline.php(127): Illuminate\\Pipeline\\Pipeline->{closure:{closure:Illuminate\\Pipeline\\Pipeline::carry():184}:185}(Object(Illuminate\\Http\\Request))
#50 /Users/akanshafernando/Documents/Startup/ClientWork/MHChem/MHChem_backend/MHchem-backend/vendor/laravel/framework/src/Illuminate/Foundation/Http/Kernel.php(176): Illuminate\\Pipeline\\Pipeline->then(Object(Closure))
#51 /Users/akanshafernando/Documents/Startup/ClientWork/MHChem/MHChem_backend/MHchem-backend/vendor/laravel/framework/src/Illuminate/Foundation/Http/Kernel.php(145): Illuminate\\Foundation\\Http\\Kernel->sendRequestThroughRouter(Object(Illuminate\\Http\\Request))
#52 /Users/akanshafernando/Documents/Startup/ClientWork/MHChem/MHChem_backend/MHchem-backend/vendor/laravel/framework/src/Illuminate/Foundation/Application.php(1216): Illuminate\\Foundation\\Http\\Kernel->handle(Object(Illuminate\\Http\\Request))
#53 /Users/akanshafernando/Documents/Startup/ClientWork/MHChem/MHChem_backend/MHchem-backend/public/index.php(17): Illuminate\\Foundation\\Application->handleRequest(Object(Illuminate\\Http\\Request))
#54 /Users/akanshafernando/Documents/Startup/ClientWork/MHChem/MHChem_backend/MHchem-backend/vendor/laravel/framework/src/Illuminate/Foundation/resources/server.php(23): require_once('/Users/akanshaf...')
#55 {main}
"} 
[2025-02-03 16:32:37] local.ERROR: View [app] not found. {"exception":"[object] (InvalidArgumentException(code: 0): View [app] not found. at /Users/akanshafernando/Documents/Startup/ClientWork/MHChem/MHChem_backend/MHchem-backend/vendor/laravel/framework/src/Illuminate/View/FileViewFinder.php:139)
[stacktrace]
#0 /Users/akanshafernando/Documents/Startup/ClientWork/MHChem/MHChem_backend/MHchem-backend/vendor/laravel/framework/src/Illuminate/View/FileViewFinder.php(79): Illuminate\\View\\FileViewFinder->findInPaths('app', Array)
#1 /Users/akanshafernando/Documents/Startup/ClientWork/MHChem/MHChem_backend/MHchem-backend/vendor/laravel/framework/src/Illuminate/View/Factory.php(151): Illuminate\\View\\FileViewFinder->find('app')
#2 /Users/akanshafernando/Documents/Startup/ClientWork/MHChem/MHChem_backend/MHchem-backend/vendor/laravel/framework/src/Illuminate/Routing/ResponseFactory.php(88): Illuminate\\View\\Factory->make('app', Array)
#3 /Users/akanshafernando/Documents/Startup/ClientWork/MHChem/MHChem_backend/MHchem-backend/vendor/laravel/framework/src/Illuminate/Support/Facades/Facade.php(361): Illuminate\\Routing\\ResponseFactory->view('app', Array)
#4 /Users/akanshafernando/Documents/Startup/ClientWork/MHChem/MHChem_backend/MHchem-backend/vendor/inertiajs/inertia-laravel/src/Response.php(106): Illuminate\\Support\\Facades\\Facade::__callStatic('view', Array)
#5 /Users/akanshafernando/Documents/Startup/ClientWork/MHChem/MHChem_backend/MHchem-backend/vendor/laravel/framework/src/Illuminate/Routing/Router.php(902): Inertia\\Response->toResponse(Object(Illuminate\\Http\\Request))
#6 /Users/akanshafernando/Documents/Startup/ClientWork/MHChem/MHChem_backend/MHchem-backend/vendor/laravel/framework/src/Illuminate/Routing/Router.php(887): Illuminate\\Routing\\Router::toResponse(Object(Illuminate\\Http\\Request), Object(Inertia\\Response))
#7 /Users/akanshafernando/Documents/Startup/ClientWork/MHChem/MHChem_backend/MHchem-backend/vendor/laravel/framework/src/Illuminate/Routing/Router.php(807): Illuminate\\Routing\\Router->prepareResponse(Object(Illuminate\\Http\\Request), Object(Inertia\\Response))
#8 /Users/akanshafernando/Documents/Startup/ClientWork/MHChem/MHChem_backend/MHchem-backend/vendor/laravel/framework/src/Illuminate/Pipeline/Pipeline.php(170): Illuminate\\Routing\\Router->{closure:Illuminate\\Routing\\Router::runRouteWithinStack():807}(Object(Illuminate\\Http\\Request))
#9 /Users/akanshafernando/Documents/Startup/ClientWork/MHChem/MHChem_backend/MHchem-backend/vendor/laravel/framework/src/Illuminate/Http/Middleware/AddLinkHeadersForPreloadedAssets.php(20): Illuminate\\Pipeline\\Pipeline->{closure:Illuminate\\Pipeline\\Pipeline::prepareDestination():168}(Object(Illuminate\\Http\\Request))
#10 /Users/akanshafernando/Documents/Startup/ClientWork/MHChem/MHChem_backend/MHchem-backend/vendor/laravel/framework/src/Illuminate/Pipeline/Pipeline.php(209): Illuminate\\Http\\Middleware\\AddLinkHeadersForPreloadedAssets->handle(Object(Illuminate\\Http\\Request), Object(Closure))
#11 /Users/akanshafernando/Documents/Startup/ClientWork/MHChem/MHChem_backend/MHchem-backend/vendor/inertiajs/inertia-laravel/src/Middleware.php(86): Illuminate\\Pipeline\\Pipeline->{closure:{closure:Illuminate\\Pipeline\\Pipeline::carry():184}:185}(Object(Illuminate\\Http\\Request))
#12 /Users/akanshafernando/Documents/Startup/ClientWork/MHChem/MHChem_backend/MHchem-backend/vendor/laravel/framework/src/Illuminate/Pipeline/Pipeline.php(209): Inertia\\Middleware->handle(Object(Illuminate\\Http\\Request), Object(Closure))
#13 /Users/akanshafernando/Documents/Startup/ClientWork/MHChem/MHChem_backend/MHchem-backend/vendor/laravel/framework/src/Illuminate/Routing/Middleware/SubstituteBindings.php(51): Illuminate\\Pipeline\\Pipeline->{closure:{closure:Illuminate\\Pipeline\\Pipeline::carry():184}:185}(Object(Illuminate\\Http\\Request))
#14 /Users/akanshafernando/Documents/Startup/ClientWork/MHChem/MHChem_backend/MHchem-backend/vendor/laravel/framework/src/Illuminate/Pipeline/Pipeline.php(209): Illuminate\\Routing\\Middleware\\SubstituteBindings->handle(Object(Illuminate\\Http\\Request), Object(Closure))
#15 /Users/akanshafernando/Documents/Startup/ClientWork/MHChem/MHChem_backend/MHchem-backend/vendor/laravel/framework/src/Illuminate/Foundation/Http/Middleware/VerifyCsrfToken.php(88): Illuminate\\Pipeline\\Pipeline->{closure:{closure:Illuminate\\Pipeline\\Pipeline::carry():184}:185}(Object(Illuminate\\Http\\Request))
#16 /Users/akanshafernando/Documents/Startup/ClientWork/MHChem/MHChem_backend/MHchem-backend/vendor/laravel/framework/src/Illuminate/Pipeline/Pipeline.php(209): Illuminate\\Foundation\\Http\\Middleware\\VerifyCsrfToken->handle(Object(Illuminate\\Http\\Request), Object(Closure))
#17 /Users/akanshafernando/Documents/Startup/ClientWork/MHChem/MHChem_backend/MHchem-backend/vendor/laravel/framework/src/Illuminate/View/Middleware/ShareErrorsFromSession.php(49): Illuminate\\Pipeline\\Pipeline->{closure:{closure:Illuminate\\Pipeline\\Pipeline::carry():184}:185}(Object(Illuminate\\Http\\Request))
#18 /Users/akanshafernando/Documents/Startup/ClientWork/MHChem/MHChem_backend/MHchem-backend/vendor/laravel/framework/src/Illuminate/Pipeline/Pipeline.php(209): Illuminate\\View\\Middleware\\ShareErrorsFromSession->handle(Object(Illuminate\\Http\\Request), Object(Closure))
#19 /Users/akanshafernando/Documents/Startup/ClientWork/MHChem/MHChem_backend/MHchem-backend/vendor/laravel/framework/src/Illuminate/Session/Middleware/StartSession.php(121): Illuminate\\Pipeline\\Pipeline->{closure:{closure:Illuminate\\Pipeline\\Pipeline::carry():184}:185}(Object(Illuminate\\Http\\Request))
#20 /Users/akanshafernando/Documents/Startup/ClientWork/MHChem/MHChem_backend/MHchem-backend/vendor/laravel/framework/src/Illuminate/Session/Middleware/StartSession.php(64): Illuminate\\Session\\Middleware\\StartSession->handleStatefulRequest(Object(Illuminate\\Http\\Request), Object(Illuminate\\Session\\Store), Object(Closure))
#21 /Users/akanshafernando/Documents/Startup/ClientWork/MHChem/MHChem_backend/MHchem-backend/vendor/laravel/framework/src/Illuminate/Pipeline/Pipeline.php(209): Illuminate\\Session\\Middleware\\StartSession->handle(Object(Illuminate\\Http\\Request), Object(Closure))
#22 /Users/akanshafernando/Documents/Startup/ClientWork/MHChem/MHChem_backend/MHchem-backend/vendor/laravel/framework/src/Illuminate/Cookie/Middleware/AddQueuedCookiesToResponse.php(37): Illuminate\\Pipeline\\Pipeline->{closure:{closure:Illuminate\\Pipeline\\Pipeline::carry():184}:185}(Object(Illuminate\\Http\\Request))
#23 /Users/akanshafernando/Documents/Startup/ClientWork/MHChem/MHChem_backend/MHchem-backend/vendor/laravel/framework/src/Illuminate/Pipeline/Pipeline.php(209): Illuminate\\Cookie\\Middleware\\AddQueuedCookiesToResponse->handle(Object(Illuminate\\Http\\Request), Object(Closure))
#24 /Users/akanshafernando/Documents/Startup/ClientWork/MHChem/MHChem_backend/MHchem-backend/vendor/laravel/framework/src/Illuminate/Cookie/Middleware/EncryptCookies.php(75): Illuminate\\Pipeline\\Pipeline->{closure:{closure:Illuminate\\Pipeline\\Pipeline::carry():184}:185}(Object(Illuminate\\Http\\Request))
#25 /Users/akanshafernando/Documents/Startup/ClientWork/MHChem/MHChem_backend/MHchem-backend/vendor/laravel/framework/src/Illuminate/Pipeline/Pipeline.php(209): Illuminate\\Cookie\\Middleware\\EncryptCookies->handle(Object(Illuminate\\Http\\Request), Object(Closure))
#26 /Users/akanshafernando/Documents/Startup/ClientWork/MHChem/MHChem_backend/MHchem-backend/vendor/laravel/framework/src/Illuminate/Pipeline/Pipeline.php(127): Illuminate\\Pipeline\\Pipeline->{closure:{closure:Illuminate\\Pipeline\\Pipeline::carry():184}:185}(Object(Illuminate\\Http\\Request))
#27 /Users/akanshafernando/Documents/Startup/ClientWork/MHChem/MHChem_backend/MHchem-backend/vendor/laravel/framework/src/Illuminate/Routing/Router.php(807): Illuminate\\Pipeline\\Pipeline->then(Object(Closure))
#28 /Users/akanshafernando/Documents/Startup/ClientWork/MHChem/MHChem_backend/MHchem-backend/vendor/laravel/framework/src/Illuminate/Routing/Router.php(786): Illuminate\\Routing\\Router->runRouteWithinStack(Object(Illuminate\\Routing\\Route), Object(Illuminate\\Http\\Request))
#29 /Users/akanshafernando/Documents/Startup/ClientWork/MHChem/MHChem_backend/MHchem-backend/vendor/laravel/framework/src/Illuminate/Routing/Router.php(750): Illuminate\\Routing\\Router->runRoute(Object(Illuminate\\Http\\Request), Object(Illuminate\\Routing\\Route))
#30 /Users/akanshafernando/Documents/Startup/ClientWork/MHChem/MHChem_backend/MHchem-backend/vendor/laravel/framework/src/Illuminate/Routing/Router.php(739): Illuminate\\Routing\\Router->dispatchToRoute(Object(Illuminate\\Http\\Request))
#31 /Users/akanshafernando/Documents/Startup/ClientWork/MHChem/MHChem_backend/MHchem-backend/vendor/laravel/framework/src/Illuminate/Foundation/Http/Kernel.php(201): Illuminate\\Routing\\Router->dispatch(Object(Illuminate\\Http\\Request))
#32 /Users/akanshafernando/Documents/Startup/ClientWork/MHChem/MHChem_backend/MHchem-backend/vendor/laravel/framework/src/Illuminate/Pipeline/Pipeline.php(170): Illuminate\\Foundation\\Http\\Kernel->{closure:Illuminate\\Foundation\\Http\\Kernel::dispatchToRouter():198}(Object(Illuminate\\Http\\Request))
#33 /Users/akanshafernando/Documents/Startup/ClientWork/MHChem/MHChem_backend/MHchem-backend/vendor/laravel/framework/src/Illuminate/Foundation/Http/Middleware/TransformsRequest.php(21): Illuminate\\Pipeline\\Pipeline->{closure:Illuminate\\Pipeline\\Pipeline::prepareDestination():168}(Object(Illuminate\\Http\\Request))
#34 /Users/akanshafernando/Documents/Startup/ClientWork/MHChem/MHChem_backend/MHchem-backend/vendor/laravel/framework/src/Illuminate/Foundation/Http/Middleware/ConvertEmptyStringsToNull.php(31): Illuminate\\Foundation\\Http\\Middleware\\TransformsRequest->handle(Object(Illuminate\\Http\\Request), Object(Closure))
#35 /Users/akanshafernando/Documents/Startup/ClientWork/MHChem/MHChem_backend/MHchem-backend/vendor/laravel/framework/src/Illuminate/Pipeline/Pipeline.php(209): Illuminate\\Foundation\\Http\\Middleware\\ConvertEmptyStringsToNull->handle(Object(Illuminate\\Http\\Request), Object(Closure))
#36 /Users/akanshafernando/Documents/Startup/ClientWork/MHChem/MHChem_backend/MHchem-backend/vendor/laravel/framework/src/Illuminate/Foundation/Http/Middleware/TransformsRequest.php(21): Illuminate\\Pipeline\\Pipeline->{closure:{closure:Illuminate\\Pipeline\\Pipeline::carry():184}:185}(Object(Illuminate\\Http\\Request))
#37 /Users/akanshafernando/Documents/Startup/ClientWork/MHChem/MHChem_backend/MHchem-backend/vendor/laravel/framework/src/Illuminate/Foundation/Http/Middleware/TrimStrings.php(51): Illuminate\\Foundation\\Http\\Middleware\\TransformsRequest->handle(Object(Illuminate\\Http\\Request), Object(Closure))
#38 /Users/akanshafernando/Documents/Startup/ClientWork/MHChem/MHChem_backend/MHchem-backend/vendor/laravel/framework/src/Illuminate/Pipeline/Pipeline.php(209): Illuminate\\Foundation\\Http\\Middleware\\TrimStrings->handle(Object(Illuminate\\Http\\Request), Object(Closure))
#39 /Users/akanshafernando/Documents/Startup/ClientWork/MHChem/MHChem_backend/MHchem-backend/vendor/laravel/framework/src/Illuminate/Http/Middleware/ValidatePostSize.php(27): Illuminate\\Pipeline\\Pipeline->{closure:{closure:Illuminate\\Pipeline\\Pipeline::carry():184}:185}(Object(Illuminate\\Http\\Request))
#40 /Users/akanshafernando/Documents/Startup/ClientWork/MHChem/MHChem_backend/MHchem-backend/vendor/laravel/framework/src/Illuminate/Pipeline/Pipeline.php(209): Illuminate\\Http\\Middleware\\ValidatePostSize->handle(Object(Illuminate\\Http\\Request), Object(Closure))
#41 /Users/akanshafernando/Documents/Startup/ClientWork/MHChem/MHChem_backend/MHchem-backend/vendor/laravel/framework/src/Illuminate/Foundation/Http/Middleware/PreventRequestsDuringMaintenance.php(110): Illuminate\\Pipeline\\Pipeline->{closure:{closure:Illuminate\\Pipeline\\Pipeline::carry():184}:185}(Object(Illuminate\\Http\\Request))
#42 /Users/akanshafernando/Documents/Startup/ClientWork/MHChem/MHChem_backend/MHchem-backend/vendor/laravel/framework/src/Illuminate/Pipeline/Pipeline.php(209): Illuminate\\Foundation\\Http\\Middleware\\PreventRequestsDuringMaintenance->handle(Object(Illuminate\\Http\\Request), Object(Closure))
#43 /Users/akanshafernando/Documents/Startup/ClientWork/MHChem/MHChem_backend/MHchem-backend/vendor/laravel/framework/src/Illuminate/Http/Middleware/HandleCors.php(49): Illuminate\\Pipeline\\Pipeline->{closure:{closure:Illuminate\\Pipeline\\Pipeline::carry():184}:185}(Object(Illuminate\\Http\\Request))
#44 /Users/akanshafernando/Documents/Startup/ClientWork/MHChem/MHChem_backend/MHchem-backend/vendor/laravel/framework/src/Illuminate/Pipeline/Pipeline.php(209): Illuminate\\Http\\Middleware\\HandleCors->handle(Object(Illuminate\\Http\\Request), Object(Closure))
#45 /Users/akanshafernando/Documents/Startup/ClientWork/MHChem/MHChem_backend/MHchem-backend/vendor/laravel/framework/src/Illuminate/Http/Middleware/TrustProxies.php(58): Illuminate\\Pipeline\\Pipeline->{closure:{closure:Illuminate\\Pipeline\\Pipeline::carry():184}:185}(Object(Illuminate\\Http\\Request))
#46 /Users/akanshafernando/Documents/Startup/ClientWork/MHChem/MHChem_backend/MHchem-backend/vendor/laravel/framework/src/Illuminate/Pipeline/Pipeline.php(209): Illuminate\\Http\\Middleware\\TrustProxies->handle(Object(Illuminate\\Http\\Request), Object(Closure))
#47 /Users/akanshafernando/Documents/Startup/ClientWork/MHChem/MHChem_backend/MHchem-backend/vendor/laravel/framework/src/Illuminate/Foundation/Http/Middleware/InvokeDeferredCallbacks.php(22): Illuminate\\Pipeline\\Pipeline->{closure:{closure:Illuminate\\Pipeline\\Pipeline::carry():184}:185}(Object(Illuminate\\Http\\Request))
#48 /Users/akanshafernando/Documents/Startup/ClientWork/MHChem/MHChem_backend/MHchem-backend/vendor/laravel/framework/src/Illuminate/Pipeline/Pipeline.php(209): Illuminate\\Foundation\\Http\\Middleware\\InvokeDeferredCallbacks->handle(Object(Illuminate\\Http\\Request), Object(Closure))
#49 /Users/akanshafernando/Documents/Startup/ClientWork/MHChem/MHChem_backend/MHchem-backend/vendor/laravel/framework/src/Illuminate/Pipeline/Pipeline.php(127): Illuminate\\Pipeline\\Pipeline->{closure:{closure:Illuminate\\Pipeline\\Pipeline::carry():184}:185}(Object(Illuminate\\Http\\Request))
#50 /Users/akanshafernando/Documents/Startup/ClientWork/MHChem/MHChem_backend/MHchem-backend/vendor/laravel/framework/src/Illuminate/Foundation/Http/Kernel.php(176): Illuminate\\Pipeline\\Pipeline->then(Object(Closure))
#51 /Users/akanshafernando/Documents/Startup/ClientWork/MHChem/MHChem_backend/MHchem-backend/vendor/laravel/framework/src/Illuminate/Foundation/Http/Kernel.php(145): Illuminate\\Foundation\\Http\\Kernel->sendRequestThroughRouter(Object(Illuminate\\Http\\Request))
#52 /Users/akanshafernando/Documents/Startup/ClientWork/MHChem/MHChem_backend/MHchem-backend/vendor/laravel/framework/src/Illuminate/Foundation/Application.php(1216): Illuminate\\Foundation\\Http\\Kernel->handle(Object(Illuminate\\Http\\Request))
#53 /Users/akanshafernando/Documents/Startup/ClientWork/MHChem/MHChem_backend/MHchem-backend/public/index.php(17): Illuminate\\Foundation\\Application->handleRequest(Object(Illuminate\\Http\\Request))
#54 /Users/akanshafernando/Documents/Startup/ClientWork/MHChem/MHChem_backend/MHchem-backend/vendor/laravel/framework/src/Illuminate/Foundation/resources/server.php(23): require_once('/Users/akanshaf...')
#55 {main}
"} 
[2025-02-03 16:32:42] local.ERROR: View [app] not found. {"exception":"[object] (InvalidArgumentException(code: 0): View [app] not found. at /Users/akanshafernando/Documents/Startup/ClientWork/MHChem/MHChem_backend/MHchem-backend/vendor/laravel/framework/src/Illuminate/View/FileViewFinder.php:139)
[stacktrace]
#0 /Users/akanshafernando/Documents/Startup/ClientWork/MHChem/MHChem_backend/MHchem-backend/vendor/laravel/framework/src/Illuminate/View/FileViewFinder.php(79): Illuminate\\View\\FileViewFinder->findInPaths('app', Array)
#1 /Users/akanshafernando/Documents/Startup/ClientWork/MHChem/MHChem_backend/MHchem-backend/vendor/laravel/framework/src/Illuminate/View/Factory.php(151): Illuminate\\View\\FileViewFinder->find('app')
#2 /Users/akanshafernando/Documents/Startup/ClientWork/MHChem/MHChem_backend/MHchem-backend/vendor/laravel/framework/src/Illuminate/Routing/ResponseFactory.php(88): Illuminate\\View\\Factory->make('app', Array)
#3 /Users/akanshafernando/Documents/Startup/ClientWork/MHChem/MHChem_backend/MHchem-backend/vendor/laravel/framework/src/Illuminate/Support/Facades/Facade.php(361): Illuminate\\Routing\\ResponseFactory->view('app', Array)
#4 /Users/akanshafernando/Documents/Startup/ClientWork/MHChem/MHChem_backend/MHchem-backend/vendor/inertiajs/inertia-laravel/src/Response.php(106): Illuminate\\Support\\Facades\\Facade::__callStatic('view', Array)
#5 /Users/akanshafernando/Documents/Startup/ClientWork/MHChem/MHChem_backend/MHchem-backend/vendor/laravel/framework/src/Illuminate/Routing/Router.php(902): Inertia\\Response->toResponse(Object(Illuminate\\Http\\Request))
#6 /Users/akanshafernando/Documents/Startup/ClientWork/MHChem/MHChem_backend/MHchem-backend/vendor/laravel/framework/src/Illuminate/Routing/Router.php(887): Illuminate\\Routing\\Router::toResponse(Object(Illuminate\\Http\\Request), Object(Inertia\\Response))
#7 /Users/akanshafernando/Documents/Startup/ClientWork/MHChem/MHChem_backend/MHchem-backend/vendor/laravel/framework/src/Illuminate/Routing/Router.php(807): Illuminate\\Routing\\Router->prepareResponse(Object(Illuminate\\Http\\Request), Object(Inertia\\Response))
#8 /Users/akanshafernando/Documents/Startup/ClientWork/MHChem/MHChem_backend/MHchem-backend/vendor/laravel/framework/src/Illuminate/Pipeline/Pipeline.php(170): Illuminate\\Routing\\Router->{closure:Illuminate\\Routing\\Router::runRouteWithinStack():807}(Object(Illuminate\\Http\\Request))
#9 /Users/akanshafernando/Documents/Startup/ClientWork/MHChem/MHChem_backend/MHchem-backend/vendor/laravel/framework/src/Illuminate/Http/Middleware/AddLinkHeadersForPreloadedAssets.php(20): Illuminate\\Pipeline\\Pipeline->{closure:Illuminate\\Pipeline\\Pipeline::prepareDestination():168}(Object(Illuminate\\Http\\Request))
#10 /Users/akanshafernando/Documents/Startup/ClientWork/MHChem/MHChem_backend/MHchem-backend/vendor/laravel/framework/src/Illuminate/Pipeline/Pipeline.php(209): Illuminate\\Http\\Middleware\\AddLinkHeadersForPreloadedAssets->handle(Object(Illuminate\\Http\\Request), Object(Closure))
#11 /Users/akanshafernando/Documents/Startup/ClientWork/MHChem/MHChem_backend/MHchem-backend/vendor/inertiajs/inertia-laravel/src/Middleware.php(86): Illuminate\\Pipeline\\Pipeline->{closure:{closure:Illuminate\\Pipeline\\Pipeline::carry():184}:185}(Object(Illuminate\\Http\\Request))
#12 /Users/akanshafernando/Documents/Startup/ClientWork/MHChem/MHChem_backend/MHchem-backend/vendor/laravel/framework/src/Illuminate/Pipeline/Pipeline.php(209): Inertia\\Middleware->handle(Object(Illuminate\\Http\\Request), Object(Closure))
#13 /Users/akanshafernando/Documents/Startup/ClientWork/MHChem/MHChem_backend/MHchem-backend/vendor/laravel/framework/src/Illuminate/Routing/Middleware/SubstituteBindings.php(51): Illuminate\\Pipeline\\Pipeline->{closure:{closure:Illuminate\\Pipeline\\Pipeline::carry():184}:185}(Object(Illuminate\\Http\\Request))
#14 /Users/akanshafernando/Documents/Startup/ClientWork/MHChem/MHChem_backend/MHchem-backend/vendor/laravel/framework/src/Illuminate/Pipeline/Pipeline.php(209): Illuminate\\Routing\\Middleware\\SubstituteBindings->handle(Object(Illuminate\\Http\\Request), Object(Closure))
#15 /Users/akanshafernando/Documents/Startup/ClientWork/MHChem/MHChem_backend/MHchem-backend/vendor/laravel/framework/src/Illuminate/Foundation/Http/Middleware/VerifyCsrfToken.php(88): Illuminate\\Pipeline\\Pipeline->{closure:{closure:Illuminate\\Pipeline\\Pipeline::carry():184}:185}(Object(Illuminate\\Http\\Request))
#16 /Users/akanshafernando/Documents/Startup/ClientWork/MHChem/MHChem_backend/MHchem-backend/vendor/laravel/framework/src/Illuminate/Pipeline/Pipeline.php(209): Illuminate\\Foundation\\Http\\Middleware\\VerifyCsrfToken->handle(Object(Illuminate\\Http\\Request), Object(Closure))
#17 /Users/akanshafernando/Documents/Startup/ClientWork/MHChem/MHChem_backend/MHchem-backend/vendor/laravel/framework/src/Illuminate/View/Middleware/ShareErrorsFromSession.php(49): Illuminate\\Pipeline\\Pipeline->{closure:{closure:Illuminate\\Pipeline\\Pipeline::carry():184}:185}(Object(Illuminate\\Http\\Request))
#18 /Users/akanshafernando/Documents/Startup/ClientWork/MHChem/MHChem_backend/MHchem-backend/vendor/laravel/framework/src/Illuminate/Pipeline/Pipeline.php(209): Illuminate\\View\\Middleware\\ShareErrorsFromSession->handle(Object(Illuminate\\Http\\Request), Object(Closure))
#19 /Users/akanshafernando/Documents/Startup/ClientWork/MHChem/MHChem_backend/MHchem-backend/vendor/laravel/framework/src/Illuminate/Session/Middleware/StartSession.php(121): Illuminate\\Pipeline\\Pipeline->{closure:{closure:Illuminate\\Pipeline\\Pipeline::carry():184}:185}(Object(Illuminate\\Http\\Request))
#20 /Users/akanshafernando/Documents/Startup/ClientWork/MHChem/MHChem_backend/MHchem-backend/vendor/laravel/framework/src/Illuminate/Session/Middleware/StartSession.php(64): Illuminate\\Session\\Middleware\\StartSession->handleStatefulRequest(Object(Illuminate\\Http\\Request), Object(Illuminate\\Session\\Store), Object(Closure))
#21 /Users/akanshafernando/Documents/Startup/ClientWork/MHChem/MHChem_backend/MHchem-backend/vendor/laravel/framework/src/Illuminate/Pipeline/Pipeline.php(209): Illuminate\\Session\\Middleware\\StartSession->handle(Object(Illuminate\\Http\\Request), Object(Closure))
#22 /Users/akanshafernando/Documents/Startup/ClientWork/MHChem/MHChem_backend/MHchem-backend/vendor/laravel/framework/src/Illuminate/Cookie/Middleware/AddQueuedCookiesToResponse.php(37): Illuminate\\Pipeline\\Pipeline->{closure:{closure:Illuminate\\Pipeline\\Pipeline::carry():184}:185}(Object(Illuminate\\Http\\Request))
#23 /Users/akanshafernando/Documents/Startup/ClientWork/MHChem/MHChem_backend/MHchem-backend/vendor/laravel/framework/src/Illuminate/Pipeline/Pipeline.php(209): Illuminate\\Cookie\\Middleware\\AddQueuedCookiesToResponse->handle(Object(Illuminate\\Http\\Request), Object(Closure))
#24 /Users/akanshafernando/Documents/Startup/ClientWork/MHChem/MHChem_backend/MHchem-backend/vendor/laravel/framework/src/Illuminate/Cookie/Middleware/EncryptCookies.php(75): Illuminate\\Pipeline\\Pipeline->{closure:{closure:Illuminate\\Pipeline\\Pipeline::carry():184}:185}(Object(Illuminate\\Http\\Request))
#25 /Users/akanshafernando/Documents/Startup/ClientWork/MHChem/MHChem_backend/MHchem-backend/vendor/laravel/framework/src/Illuminate/Pipeline/Pipeline.php(209): Illuminate\\Cookie\\Middleware\\EncryptCookies->handle(Object(Illuminate\\Http\\Request), Object(Closure))
#26 /Users/akanshafernando/Documents/Startup/ClientWork/MHChem/MHChem_backend/MHchem-backend/vendor/laravel/framework/src/Illuminate/Pipeline/Pipeline.php(127): Illuminate\\Pipeline\\Pipeline->{closure:{closure:Illuminate\\Pipeline\\Pipeline::carry():184}:185}(Object(Illuminate\\Http\\Request))
#27 /Users/akanshafernando/Documents/Startup/ClientWork/MHChem/MHChem_backend/MHchem-backend/vendor/laravel/framework/src/Illuminate/Routing/Router.php(807): Illuminate\\Pipeline\\Pipeline->then(Object(Closure))
#28 /Users/akanshafernando/Documents/Startup/ClientWork/MHChem/MHChem_backend/MHchem-backend/vendor/laravel/framework/src/Illuminate/Routing/Router.php(786): Illuminate\\Routing\\Router->runRouteWithinStack(Object(Illuminate\\Routing\\Route), Object(Illuminate\\Http\\Request))
#29 /Users/akanshafernando/Documents/Startup/ClientWork/MHChem/MHChem_backend/MHchem-backend/vendor/laravel/framework/src/Illuminate/Routing/Router.php(750): Illuminate\\Routing\\Router->runRoute(Object(Illuminate\\Http\\Request), Object(Illuminate\\Routing\\Route))
#30 /Users/akanshafernando/Documents/Startup/ClientWork/MHChem/MHChem_backend/MHchem-backend/vendor/laravel/framework/src/Illuminate/Routing/Router.php(739): Illuminate\\Routing\\Router->dispatchToRoute(Object(Illuminate\\Http\\Request))
#31 /Users/akanshafernando/Documents/Startup/ClientWork/MHChem/MHChem_backend/MHchem-backend/vendor/laravel/framework/src/Illuminate/Foundation/Http/Kernel.php(201): Illuminate\\Routing\\Router->dispatch(Object(Illuminate\\Http\\Request))
#32 /Users/akanshafernando/Documents/Startup/ClientWork/MHChem/MHChem_backend/MHchem-backend/vendor/laravel/framework/src/Illuminate/Pipeline/Pipeline.php(170): Illuminate\\Foundation\\Http\\Kernel->{closure:Illuminate\\Foundation\\Http\\Kernel::dispatchToRouter():198}(Object(Illuminate\\Http\\Request))
#33 /Users/akanshafernando/Documents/Startup/ClientWork/MHChem/MHChem_backend/MHchem-backend/vendor/laravel/framework/src/Illuminate/Foundation/Http/Middleware/TransformsRequest.php(21): Illuminate\\Pipeline\\Pipeline->{closure:Illuminate\\Pipeline\\Pipeline::prepareDestination():168}(Object(Illuminate\\Http\\Request))
#34 /Users/akanshafernando/Documents/Startup/ClientWork/MHChem/MHChem_backend/MHchem-backend/vendor/laravel/framework/src/Illuminate/Foundation/Http/Middleware/ConvertEmptyStringsToNull.php(31): Illuminate\\Foundation\\Http\\Middleware\\TransformsRequest->handle(Object(Illuminate\\Http\\Request), Object(Closure))
#35 /Users/akanshafernando/Documents/Startup/ClientWork/MHChem/MHChem_backend/MHchem-backend/vendor/laravel/framework/src/Illuminate/Pipeline/Pipeline.php(209): Illuminate\\Foundation\\Http\\Middleware\\ConvertEmptyStringsToNull->handle(Object(Illuminate\\Http\\Request), Object(Closure))
#36 /Users/akanshafernando/Documents/Startup/ClientWork/MHChem/MHChem_backend/MHchem-backend/vendor/laravel/framework/src/Illuminate/Foundation/Http/Middleware/TransformsRequest.php(21): Illuminate\\Pipeline\\Pipeline->{closure:{closure:Illuminate\\Pipeline\\Pipeline::carry():184}:185}(Object(Illuminate\\Http\\Request))
#37 /Users/akanshafernando/Documents/Startup/ClientWork/MHChem/MHChem_backend/MHchem-backend/vendor/laravel/framework/src/Illuminate/Foundation/Http/Middleware/TrimStrings.php(51): Illuminate\\Foundation\\Http\\Middleware\\TransformsRequest->handle(Object(Illuminate\\Http\\Request), Object(Closure))
#38 /Users/akanshafernando/Documents/Startup/ClientWork/MHChem/MHChem_backend/MHchem-backend/vendor/laravel/framework/src/Illuminate/Pipeline/Pipeline.php(209): Illuminate\\Foundation\\Http\\Middleware\\TrimStrings->handle(Object(Illuminate\\Http\\Request), Object(Closure))
#39 /Users/akanshafernando/Documents/Startup/ClientWork/MHChem/MHChem_backend/MHchem-backend/vendor/laravel/framework/src/Illuminate/Http/Middleware/ValidatePostSize.php(27): Illuminate\\Pipeline\\Pipeline->{closure:{closure:Illuminate\\Pipeline\\Pipeline::carry():184}:185}(Object(Illuminate\\Http\\Request))
#40 /Users/akanshafernando/Documents/Startup/ClientWork/MHChem/MHChem_backend/MHchem-backend/vendor/laravel/framework/src/Illuminate/Pipeline/Pipeline.php(209): Illuminate\\Http\\Middleware\\ValidatePostSize->handle(Object(Illuminate\\Http\\Request), Object(Closure))
#41 /Users/akanshafernando/Documents/Startup/ClientWork/MHChem/MHChem_backend/MHchem-backend/vendor/laravel/framework/src/Illuminate/Foundation/Http/Middleware/PreventRequestsDuringMaintenance.php(110): Illuminate\\Pipeline\\Pipeline->{closure:{closure:Illuminate\\Pipeline\\Pipeline::carry():184}:185}(Object(Illuminate\\Http\\Request))
#42 /Users/akanshafernando/Documents/Startup/ClientWork/MHChem/MHChem_backend/MHchem-backend/vendor/laravel/framework/src/Illuminate/Pipeline/Pipeline.php(209): Illuminate\\Foundation\\Http\\Middleware\\PreventRequestsDuringMaintenance->handle(Object(Illuminate\\Http\\Request), Object(Closure))
#43 /Users/akanshafernando/Documents/Startup/ClientWork/MHChem/MHChem_backend/MHchem-backend/vendor/laravel/framework/src/Illuminate/Http/Middleware/HandleCors.php(49): Illuminate\\Pipeline\\Pipeline->{closure:{closure:Illuminate\\Pipeline\\Pipeline::carry():184}:185}(Object(Illuminate\\Http\\Request))
#44 /Users/akanshafernando/Documents/Startup/ClientWork/MHChem/MHChem_backend/MHchem-backend/vendor/laravel/framework/src/Illuminate/Pipeline/Pipeline.php(209): Illuminate\\Http\\Middleware\\HandleCors->handle(Object(Illuminate\\Http\\Request), Object(Closure))
#45 /Users/akanshafernando/Documents/Startup/ClientWork/MHChem/MHChem_backend/MHchem-backend/vendor/laravel/framework/src/Illuminate/Http/Middleware/TrustProxies.php(58): Illuminate\\Pipeline\\Pipeline->{closure:{closure:Illuminate\\Pipeline\\Pipeline::carry():184}:185}(Object(Illuminate\\Http\\Request))
#46 /Users/akanshafernando/Documents/Startup/ClientWork/MHChem/MHChem_backend/MHchem-backend/vendor/laravel/framework/src/Illuminate/Pipeline/Pipeline.php(209): Illuminate\\Http\\Middleware\\TrustProxies->handle(Object(Illuminate\\Http\\Request), Object(Closure))
#47 /Users/akanshafernando/Documents/Startup/ClientWork/MHChem/MHChem_backend/MHchem-backend/vendor/laravel/framework/src/Illuminate/Foundation/Http/Middleware/InvokeDeferredCallbacks.php(22): Illuminate\\Pipeline\\Pipeline->{closure:{closure:Illuminate\\Pipeline\\Pipeline::carry():184}:185}(Object(Illuminate\\Http\\Request))
#48 /Users/akanshafernando/Documents/Startup/ClientWork/MHChem/MHChem_backend/MHchem-backend/vendor/laravel/framework/src/Illuminate/Pipeline/Pipeline.php(209): Illuminate\\Foundation\\Http\\Middleware\\InvokeDeferredCallbacks->handle(Object(Illuminate\\Http\\Request), Object(Closure))
#49 /Users/akanshafernando/Documents/Startup/ClientWork/MHChem/MHChem_backend/MHchem-backend/vendor/laravel/framework/src/Illuminate/Pipeline/Pipeline.php(127): Illuminate\\Pipeline\\Pipeline->{closure:{closure:Illuminate\\Pipeline\\Pipeline::carry():184}:185}(Object(Illuminate\\Http\\Request))
#50 /Users/akanshafernando/Documents/Startup/ClientWork/MHChem/MHChem_backend/MHchem-backend/vendor/laravel/framework/src/Illuminate/Foundation/Http/Kernel.php(176): Illuminate\\Pipeline\\Pipeline->then(Object(Closure))
#51 /Users/akanshafernando/Documents/Startup/ClientWork/MHChem/MHChem_backend/MHchem-backend/vendor/laravel/framework/src/Illuminate/Foundation/Http/Kernel.php(145): Illuminate\\Foundation\\Http\\Kernel->sendRequestThroughRouter(Object(Illuminate\\Http\\Request))
#52 /Users/akanshafernando/Documents/Startup/ClientWork/MHChem/MHChem_backend/MHchem-backend/vendor/laravel/framework/src/Illuminate/Foundation/Application.php(1216): Illuminate\\Foundation\\Http\\Kernel->handle(Object(Illuminate\\Http\\Request))
#53 /Users/akanshafernando/Documents/Startup/ClientWork/MHChem/MHChem_backend/MHchem-backend/public/index.php(17): Illuminate\\Foundation\\Application->handleRequest(Object(Illuminate\\Http\\Request))
#54 /Users/akanshafernando/Documents/Startup/ClientWork/MHChem/MHChem_backend/MHchem-backend/vendor/laravel/framework/src/Illuminate/Foundation/resources/server.php(23): require_once('/Users/akanshaf...')
#55 {main}
"} 
